2024-12-10 11:52:09,867 - INFO - Starting the Help System Processor
2024-12-10 11:52:22,609 - INFO - Processing document folder: docAlarms
2024-12-10 11:52:22,938 - INFO - Formatted AboutAlarms.html to have specific tags on separate lines.
2024-12-10 11:52:22,940 - INFO - Formatted AboutThisGuide-AlarmsGuide.html to have specific tags on separate lines.
2024-12-10 11:52:22,942 - INFO - Formatted AckknowledgingAlarms.html to have specific tags on separate lines.
2024-12-10 11:52:22,944 - INFO - Formatted AcknowledgingAlarmsFromTheAlarmPort.html to have specific tags on separate lines.
2024-12-10 11:52:22,946 - INFO - Formatted AddingAnExtensionToAComponent.html to have specific tags on separate lines.
2024-12-10 11:52:22,949 - INFO - Formatted AddingANoteToAnAlarm.html to have specific tags on separate lines.
2024-12-10 11:52:22,951 - INFO - Formatted alarm-AlarmClass.html to have specific tags on separate lines.
2024-12-10 11:52:22,953 - INFO - Formatted alarm-AlarmClassFolder.html to have specific tags on separate lines.
2024-12-10 11:52:22,956 - INFO - Formatted alarm-AlarmConsole.html to have specific tags on separate lines.
2024-12-10 11:52:22,959 - INFO - Formatted alarm-AlarmConsoleOptions.html to have specific tags on separate lines.
2024-12-10 11:52:22,963 - INFO - Formatted alarm-AlarmDbView.html to have specific tags on separate lines.
2024-12-10 11:52:22,965 - INFO - Formatted alarm-AlarmPortal.html to have specific tags on separate lines.
2024-12-10 11:52:22,968 - INFO - Formatted alarm-AlarmPortalOptions.html to have specific tags on separate lines.
2024-12-10 11:52:22,970 - INFO - Formatted alarm-AlarmService.html to have specific tags on separate lines.
2024-12-10 11:52:22,972 - INFO - Formatted alarm-AlarmSourceExt.html to have specific tags on separate lines.
2024-12-10 11:52:22,975 - INFO - Formatted alarm-AlarmSourceInfo.html to have specific tags on separate lines.
2024-12-10 11:52:22,979 - INFO - Formatted alarm-AlarmUxConsole.html to have specific tags on separate lines.
2024-12-10 11:52:22,980 - INFO - Formatted alarm-BooleanChangeOfStateAlarmExt.html to have specific tags on separate lines.
2024-12-10 11:52:22,982 - INFO - Formatted Alarm-BooleanCommandFailureAlarmExt.html to have specific tags on separate lines.
2024-12-10 11:52:22,985 - INFO - Formatted alarm-ConsoleRecipient.html to have specific tags on separate lines.
2024-12-10 11:52:22,987 - INFO - Formatted alarm-EnumChangeOfStateAlarmExt.html to have specific tags on separate lines.
2024-12-10 11:52:22,989 - INFO - Formatted alarm-EnumCommandFailureAlarmExt.html to have specific tags on separate lines.
2024-12-10 11:52:22,991 - INFO - Formatted alarm-FaultAlgorithm.html to have specific tags on separate lines.
2024-12-10 11:52:22,993 - INFO - Formatted Alarm-FileAlarmDbConfig-92D9119A.html to have specific tags on separate lines.
2024-12-10 11:52:22,995 - INFO - Formatted Alarm-FloatLimitAlarmExt.html to have specific tags on separate lines.
2024-12-10 11:52:22,998 - INFO - Formatted alarm-FoxAlarmDatabase.html to have specific tags on separate lines.
2024-12-10 11:52:23,000 - INFO - Formatted alarm-LinePrinterRecipient.html to have specific tags on separate lines.
2024-12-10 11:52:23,002 - INFO - Formatted Alarm-NumericChangeOfStateAlarmExt-CB3B756E.html to have specific tags on separate lines.
2024-12-10 11:52:23,004 - INFO - Formatted alarm-OffnormalAlgorithm.html to have specific tags on separate lines.
2024-12-10 11:52:23,006 - INFO - Formatted alarm-OutOfRangeAlarmExt.html to have specific tags on separate lines.
2024-12-10 11:52:23,009 - INFO - Formatted alarm-PrinterRecipient.html to have specific tags on separate lines.
2024-12-10 11:52:23,011 - INFO - Formatted Alarm-SourceName-096B9744.html to have specific tags on separate lines.
2024-12-10 11:52:23,014 - INFO - Formatted alarm-StationRecipient.html to have specific tags on separate lines.
2024-12-10 11:52:23,016 - INFO - Formatted alarm-StatusAlarmExt.html to have specific tags on separate lines.
2024-12-10 11:52:23,018 - INFO - Formatted alarm-StringChangeOfValueAlarmExt.html to have specific tags on separate lines.
2024-12-10 11:52:23,020 - INFO - Formatted Alarm-TextCustomizerAlarmsGuide-74D2D630.html to have specific tags on separate lines.
2024-12-10 11:52:23,023 - INFO - Formatted AlarmAckResponses-AA25D69C.html to have specific tags on separate lines.
2024-12-10 11:52:23,024 - INFO - Formatted AlarmBestPractices.html to have specific tags on separate lines.
2024-12-10 11:52:23,027 - INFO - Formatted AlarmButtons.html to have specific tags on separate lines.
2024-12-10 11:52:23,029 - INFO - Formatted AlarmClassMapperNewEditDialogBox.html to have specific tags on separate lines.
2024-12-10 11:52:23,031 - INFO - Formatted AlarmConsoleMapping-A8ACE4C7.html to have specific tags on separate lines.
2024-12-10 11:52:23,033 - INFO - Formatted AlarmDetailsDialogBox.html to have specific tags on separate lines.
2024-12-10 11:52:23,035 - INFO - Formatted AlarmEscalation.html to have specific tags on separate lines.
2024-12-10 11:52:23,037 - INFO - Formatted AlarmIcons.html to have specific tags on separate lines.
2024-12-10 11:52:23,038 - INFO - Formatted AlarmInstructions.html to have specific tags on separate lines.
2024-12-10 11:52:23,039 - INFO - Formatted AlarmNotes.html to have specific tags on separate lines.
2024-12-10 11:52:23,043 - INFO - Formatted alarmOrion-OrionAlarmService.html to have specific tags on separate lines.
2024-12-10 11:52:23,046 - INFO - Formatted alarmOrion-OrionArchiveAlarmProvider.html to have specific tags on separate lines.
2024-12-10 11:52:23,048 - INFO - Formatted AlarmProcessing.html to have specific tags on separate lines.
2024-12-10 11:52:23,050 - INFO - Formatted AlarmRecordDialogBox.html to have specific tags on separate lines.
2024-12-10 11:52:23,051 - INFO - Formatted AlarmService.html to have specific tags on separate lines.
2024-12-10 11:52:23,053 - INFO - Formatted AlarmServiceSetup-AFDCA426.html to have specific tags on separate lines.
2024-12-10 11:52:23,054 - INFO - Formatted AlarmState.html to have specific tags on separate lines.
2024-12-10 11:52:23,056 - INFO - Formatted ChoosingTheAlarmsToView.html to have specific tags on separate lines.
2024-12-10 11:52:23,060 - INFO - Formatted CombiningDifferentTypesOfAlarms.html to have specific tags on separate lines.
2024-12-10 11:52:23,063 - INFO - Formatted Components-0567A524.html to have specific tags on separate lines.
2024-12-10 11:52:23,065 - INFO - Formatted ComponentsInAlarmOrion-7F2BA03E.html to have specific tags on separate lines.
2024-12-10 11:52:23,067 - INFO - Formatted ConfigureContactMethods-4D6CDB99.html to have specific tags on separate lines.
2024-12-10 11:52:23,068 - INFO - Formatted ConfigureOnCallContacts-4D784E41.html to have specific tags on separate lines.
2024-12-10 11:52:23,069 - INFO - Formatted ConfiguringAnSmsRecipient.html to have specific tags on separate lines.
2024-12-10 11:52:23,072 - INFO - Formatted ConfiguringTheOnCallScheduleForAlar-4DE718A0.html to have specific tags on separate lines.
2024-12-10 11:52:23,073 - INFO - Formatted ConfiguringTheSmsAlarmAcknowledger.html to have specific tags on separate lines.
2024-12-10 11:52:23,075 - INFO - Formatted CreatingAPDFOfTheCurrentView.html to have specific tags on separate lines.
2024-12-10 11:52:23,077 - INFO - Formatted DeletingAlarmRecords.html to have specific tags on separate lines.
2024-12-10 11:52:23,079 - INFO - Formatted docGraphics_ConfigureEmailRecipientComponent-13C2D48C.html to have specific tags on separate lines.
2024-12-10 11:52:23,081 - INFO - Formatted DocumentChangeLog-AlarmsGuide.html to have specific tags on separate lines.
2024-12-10 11:52:23,082 - INFO - Formatted EditingAlarmExtensions.html to have specific tags on separate lines.
2024-12-10 11:52:23,084 - INFO - Formatted EditingTheAlarmClass-B172D421.html to have specific tags on separate lines.
2024-12-10 11:52:23,085 - INFO - Formatted email-Email.html to have specific tags on separate lines.
2024-12-10 11:52:23,088 - INFO - Formatted email-EmailAlarmAcknowledger.html to have specific tags on separate lines.
2024-12-10 11:52:23,091 - INFO - Formatted Email-EmailRecipient.html to have specific tags on separate lines.
2024-12-10 11:52:23,093 - INFO - Formatted email-emailsetup.html to have specific tags on separate lines.
2024-12-10 11:52:23,095 - INFO - Formatted emailComponents.html to have specific tags on separate lines.
2024-12-10 11:52:23,099 - INFO - Formatted EmailOutgoingAccount.html to have specific tags on separate lines.
2024-12-10 11:52:23,102 - INFO - Formatted EmailService.html to have specific tags on separate lines.
2024-12-10 11:52:23,106 - INFO - Formatted FileAlarmDatabaseConversion-7C87C584.html to have specific tags on separate lines.
2024-12-10 11:52:23,108 - INFO - Formatted FiltersDislogBox.html to have specific tags on separate lines.
2024-12-10 11:52:23,111 - INFO - Formatted FoxAlarmClassSummary.html to have specific tags on separate lines.
2024-12-10 11:52:23,113 - INFO - Formatted FoxAlarmExtensionManager.html to have specific tags on separate lines.
2024-12-10 11:52:23,116 - INFO - Formatted HTML5-OnCallListManager-69C02C91.html to have specific tags on separate lines.
2024-12-10 11:52:23,119 - INFO - Formatted HTML5OnCallContactUxManager-8D4B770E.html to have specific tags on separate lines.
2024-12-10 11:52:23,121 - INFO - Formatted HTML5OnCallUserReportUxView-8DB69B8B.html to have specific tags on separate lines.
2024-12-10 11:52:23,125 - INFO - Formatted IncomingAccount.html to have specific tags on separate lines.
2024-12-10 11:52:23,128 - INFO - Formatted InhibitingAlarms-AA408864.html to have specific tags on separate lines.
2024-12-10 11:52:23,130 - INFO - Formatted InstructionsManagerView.html to have specific tags on separate lines.
2024-12-10 11:52:23,134 - INFO - Formatted MapAlarmClassDialogBox.html to have specific tags on separate lines.
2024-12-10 11:52:23,135 - INFO - Formatted NotesDialogBox.html to have specific tags on separate lines.
2024-12-10 11:52:23,138 - INFO - Formatted on-callcontact.html to have specific tags on separate lines.
2024-12-10 11:52:23,140 - INFO - Formatted onCall-OnCallList.html to have specific tags on separate lines.
2024-12-10 11:52:23,141 - INFO - Formatted OnCall-OnCallrecepient-4E05AB06.html to have specific tags on separate lines.
2024-12-10 11:52:23,144 - INFO - Formatted onCall-OnCallRecipient.html to have specific tags on separate lines.
2024-12-10 11:52:23,146 - INFO - Formatted onCall-OnCallSchedule.html to have specific tags on separate lines.
2024-12-10 11:52:23,147 - INFO - Formatted onCall-OnCallService.html to have specific tags on separate lines.
2024-12-10 11:52:23,149 - INFO - Formatted OnCallConfiguration-495D264F.html to have specific tags on separate lines.
2024-12-10 11:52:23,152 - INFO - Formatted OnCallConfiguration-4CE9F0C2.html to have specific tags on separate lines.
2024-12-10 11:52:23,154 - INFO - Formatted OnCallContactManagerView.html to have specific tags on separate lines.
2024-12-10 11:52:23,157 - INFO - Formatted OnCallManager.html to have specific tags on separate lines.
2024-12-10 11:52:23,159 - INFO - Formatted OnCallServiceAlarmDataInTheAlarmCon.html to have specific tags on separate lines.
2024-12-10 11:52:23,161 - INFO - Formatted OnCallServiceDocumentation-495CFE48.html to have specific tags on separate lines.
2024-12-10 11:52:23,165 - INFO - Formatted OnCallUserReportView.html to have specific tags on separate lines.
2024-12-10 11:52:23,168 - INFO - Formatted OrionAlarmServiceSetup-7F25D4D2.html to have specific tags on separate lines.
2024-12-10 11:52:23,170 - INFO - Formatted Pagination-53E18B25.html to have specific tags on separate lines.
2024-12-10 11:52:23,172 - INFO - Formatted pluginGuides.html to have specific tags on separate lines.
2024-12-10 11:52:23,174 - INFO - Formatted Plugins-05676AE5.html to have specific tags on separate lines.
2024-12-10 11:52:23,177 - INFO - Formatted RdbAlarmDatabaseConversion-7C87E417.html to have specific tags on separate lines.
2024-12-10 11:52:23,179 - INFO - Formatted RelatedDocuments-AlarmsGuide.html to have specific tags on separate lines.
2024-12-10 11:52:23,182 - INFO - Formatted ReplacingTheStandardAlarmDatabase-7C390871.html to have specific tags on separate lines.
2024-12-10 11:52:23,184 - INFO - Formatted RotatingOnCallLists-4E0DEE93.html to have specific tags on separate lines.
2024-12-10 11:52:23,186 - INFO - Formatted RowHighlighting-53DDB70E.html to have specific tags on separate lines.
2024-12-10 11:52:23,188 - INFO - Formatted SchedulingAPeriodicEmailReportFromA.html to have specific tags on separate lines.
2024-12-10 11:52:23,190 - INFO - Formatted SettingUpAcknowledgmentRequirements.html to have specific tags on separate lines.
2024-12-10 11:52:23,191 - INFO - Formatted SettingUpAlarmInstructions.html to have specific tags on separate lines.
2024-12-10 11:52:23,195 - INFO - Formatted SettingUpAlarmRouting.html to have specific tags on separate lines.
2024-12-10 11:52:23,197 - INFO - Formatted SettingUpEmailComponents.html to have specific tags on separate lines.
2024-12-10 11:52:23,199 - INFO - Formatted SettingUpGmailAccountForUsingOutgoi-B900BB64.html to have specific tags on separate lines.
2024-12-10 11:52:23,201 - INFO - Formatted SettingUpMessagingComponents.html to have specific tags on separate lines.
2024-12-10 11:52:23,204 - INFO - Formatted ShowRecurring-536540F6.html to have specific tags on separate lines.
2024-12-10 11:52:23,206 - INFO - Formatted SilencingAlarms.html to have specific tags on separate lines.
2024-12-10 11:52:23,208 - INFO - Formatted sms-BasicPingMonitor.html to have specific tags on separate lines.
2024-12-10 11:52:23,210 - INFO - Formatted Sms-Sms.html to have specific tags on separate lines.
2024-12-10 11:52:23,214 - INFO - Formatted Sms-SmsService.html to have specific tags on separate lines.
2024-12-10 11:52:23,216 - INFO - Formatted SMSAlarmAcknowledger.html to have specific tags on separate lines.
2024-12-10 11:52:23,218 - INFO - Formatted SmsComponents.html to have specific tags on separate lines.
2024-12-10 11:52:23,220 - INFO - Formatted SMSRecipient.html to have specific tags on separate lines.
2024-12-10 11:52:23,222 - INFO - Formatted SMSSetup.html to have specific tags on separate lines.
2024-12-10 11:52:23,224 - INFO - Formatted SSLConfigureOutgoingEmail.html to have specific tags on separate lines.
2024-12-10 11:52:23,227 - INFO - Formatted StoringAndArchivingAlarms-D31D5679.html to have specific tags on separate lines.
2024-12-10 11:52:23,229 - INFO - Formatted TrackingAlarmsThatUseTheOnCallServi.html to have specific tags on separate lines.
2024-12-10 11:52:23,233 - INFO - Formatted TypesOfAlarmExtensions-AFC63D65.html to have specific tags on separate lines.
2024-12-10 11:52:23,235 - INFO - Formatted TypesOfAlarmRecipients-B1E83B28.html to have specific tags on separate lines.
2024-12-10 11:52:23,236 - INFO - Formatted ViewingArchivedAlarmsRDBMS-D3B23AC6.html to have specific tags on separate lines.
2024-12-10 11:52:23,237 - INFO - Processing completed.
